<?xml version="1.0" encoding="UTF-8"?>
<testsuite name="com.acme.LongStackTraceTest" time="0.02" tests="1" errors="0" skipped="0" failures="1">
  <testcase name="failsWithALongTrace" classname="com.acme.LongStackTraceTest" time="0.02">
    <failure message="boom" type="java.lang.RuntimeException">java.lang.RuntimeException: boom
	at line1(A.java:1)
	at line2(A.java:2)
	at line3(A.java:3)
	at line4(A.java:4)
	at line5(A.java:5)
	at line6(A.java:6)
	at line7(A.java:7)
	at line8(A.java:8)
	at line9(A.java:9)
	at line10(A.java:10)
	at line11(A.java:11)
	at line12(A.java:12)
	at line13(A.java:13)
</failure>
  </testcase>
</testsuite>
