<?xml version="1.0" encoding="UTF-8"?>
<testsuite name="com.acme.PaymentServiceTest" time="0.067" tests="4" errors="0" skipped="1" failures="1">
  <testcase name="appliesTheFlatFeeBelowTheThreshold" classname="com.acme.PaymentServiceTest" time="0.012"/>
  <testcase name="appliesThePercentageFeeAboveTheThreshold" classname="com.acme.PaymentServiceTest" time="0.009"/>
  <testcase name="rejectsNegativeAmounts" classname="com.acme.PaymentServiceTest" time="0.008">
    <failure message="expected: &lt;1&gt; but was: &lt;2&gt;" type="org.opentest4j.AssertionFailedError">org.opentest4j.AssertionFailedError: expected: &lt;1&gt; but was: &lt;2&gt;
	at com.acme.PaymentServiceTest.rejectsNegativeAmounts(PaymentServiceTest.java:42)
	at java.base/jdk.internal.reflect.NativeMethodAccessorImpl.invoke0(Native Method)
</failure>
  </testcase>
  <testcase name="notYetImplemented" classname="com.acme.PaymentServiceTest" time="0.0">
    <skipped/>
  </testcase>
</testsuite>
